
Waiting for Player...
Socket Accepted...
Waiting For message to come...
Connection from 1, established
Waiting for Player...
Connection from 2, established
--------------------------------------------------------------------------------------------------------------
Placing Stage, board state: 
 0 0 0 0 0 0 0 0 0 0 0 0 0 0 0 0 0 0 0 0 0 0 0 0 0 0 3 0 0 0 0 0 0 0 0 0 0 0 0 0 0 0 0 0 0 0 0 0 0 0 0 0 0 0 0 0 0 0 0 0 0
0
Received move from 1
1 has 119.98207712173 seconds left
1 put weight 25 on position -2; still balanced
--------------------------------------------------------------------------------------------------------------
Placing Stage, board state: 
 0 0 0 0 0 0 0 0 0 0 0 0 0 0 0 0 0 0 0 0 0 0 0 0 0 0 3 0 25 0 0 0 0 0 0 0 0 0 0 0 0 0 0 0 0 0 0 0 0 0 0 0 0 0 0 0 0 0 0 0 0
0
Received move from 2
2 has 119.94401717186 seconds left
2 put weight 25 on position 0; still balanced
--------------------------------------------------------------------------------------------------------------
Placing Stage, board state: 
 0 0 0 0 0 0 0 0 0 0 0 0 0 0 0 0 0 0 0 0 0 0 0 0 0 0 3 0 25 0 25 0 0 0 0 0 0 0 0 0 0 0 0 0 0 0 0 0 0 0 0 0 0 0 0 0 0 0 0 0 0
0
Received move from 1
1 has 119.88861012459 seconds left
1 put weight 24 on position -6; still balanced
--------------------------------------------------------------------------------------------------------------
Placing Stage, board state: 
 0 0 0 0 0 0 0 0 0 0 0 0 0 0 0 0 0 0 0 0 0 0 0 0 24 0 3 0 25 0 25 0 0 0 0 0 0 0 0 0 0 0 0 0 0 0 0 0 0 0 0 0 0 0 0 0 0 0 0 0 0
0
Received move from 2
2 has 119.79392027855 seconds left
2 put weight 24 on position 4; still balanced
--------------------------------------------------------------------------------------------------------------
Placing Stage, board state: 
 0 0 0 0 0 0 0 0 0 0 0 0 0 0 0 0 0 0 0 0 0 0 0 0 24 0 3 0 25 0 25 0 0 0 24 0 0 0 0 0 0 0 0 0 0 0 0 0 0 0 0 0 0 0 0 0 0 0 0 0 0
0
Received move from 1
1 has 119.70289516449 seconds left
1 put weight 23 on position -9; still balanced
--------------------------------------------------------------------------------------------------------------
Placing Stage, board state: 
 0 0 0 0 0 0 0 0 0 0 0 0 0 0 0 0 0 0 0 0 0 23 0 0 24 0 3 0 25 0 25 0 0 0 24 0 0 0 0 0 0 0 0 0 0 0 0 0 0 0 0 0 0 0 0 0 0 0 0 0 0
0
Received move from 2
2 has 119.54418826103 seconds left
2 put weight 23 on position -1; still balanced
--------------------------------------------------------------------------------------------------------------
Placing Stage, board state: 
 0 0 0 0 0 0 0 0 0 0 0 0 0 0 0 0 0 0 0 0 0 23 0 0 24 0 3 0 25 23 25 0 0 0 24 0 0 0 0 0 0 0 0 0 0 0 0 0 0 0 0 0 0 0 0 0 0 0 0 0 0
0
Received move from 1
1 has 119.38872933388 seconds left
1 put weight 22 on position 7; still balanced
--------------------------------------------------------------------------------------------------------------
Placing Stage, board state: 
 0 0 0 0 0 0 0 0 0 0 0 0 0 0 0 0 0 0 0 0 0 23 0 0 24 0 3 0 25 23 25 0 0 0 24 0 0 22 0 0 0 0 0 0 0 0 0 0 0 0 0 0 0 0 0 0 0 0 0 0 0
0
Received move from 2
2 has 119.28203630447 seconds left
2 put weight 22 on position -16; still balanced
--------------------------------------------------------------------------------------------------------------
Placing Stage, board state: 
 0 0 0 0 0 0 0 0 0 0 0 0 0 0 22 0 0 0 0 0 0 23 0 0 24 0 3 0 25 23 25 0 0 0 24 0 0 22 0 0 0 0 0 0 0 0 0 0 0 0 0 0 0 0 0 0 0 0 0 0 0
0
Received move from 1
1 has 119.05419039726 seconds left
1 put weight 21 on position 11; still balanced
--------------------------------------------------------------------------------------------------------------
Placing Stage, board state: 
 0 0 0 0 0 0 0 0 0 0 0 0 0 0 22 0 0 0 0 0 0 23 0 0 24 0 3 0 25 23 25 0 0 0 24 0 0 22 0 0 0 21 0 0 0 0 0 0 0 0 0 0 0 0 0 0 0 0 0 0 0
0
Received move from 2
2 has 118.89560842514 seconds left
2 put weight 21 on position -19; still balanced
--------------------------------------------------------------------------------------------------------------
Placing Stage, board state: 
 0 0 0 0 0 0 0 0 0 0 0 21 0 0 22 0 0 0 0 0 0 23 0 0 24 0 3 0 25 23 25 0 0 0 24 0 0 22 0 0 0 21 0 0 0 0 0 0 0 0 0 0 0 0 0 0 0 0 0 0 0
0
Received move from 1
1 has 118.75320935249 seconds left
1 put weight 20 on position 19; still balanced
--------------------------------------------------------------------------------------------------------------
Placing Stage, board state: 
 0 0 0 0 0 0 0 0 0 0 0 21 0 0 22 0 0 0 0 0 0 23 0 0 24 0 3 0 25 23 25 0 0 0 24 0 0 22 0 0 0 21 0 0 0 0 0 0 0 20 0 0 0 0 0 0 0 0 0 0 0
0
Received move from 2
2 has 118.5685634613 seconds left
2 put weight 20 on position -23; still balanced
--------------------------------------------------------------------------------------------------------------
Placing Stage, board state: 
 0 0 0 0 0 0 0 20 0 0 0 21 0 0 22 0 0 0 0 0 0 23 0 0 24 0 3 0 25 23 25 0 0 0 24 0 0 22 0 0 0 21 0 0 0 0 0 0 0 20 0 0 0 0 0 0 0 0 0 0 0
0
Received move from 1
1 has 118.36776542664 seconds left
1 put weight 19 on position 9; still balanced
--------------------------------------------------------------------------------------------------------------
Placing Stage, board state: 
 0 0 0 0 0 0 0 20 0 0 0 21 0 0 22 0 0 0 0 0 0 23 0 0 24 0 3 0 25 23 25 0 0 0 24 0 0 22 0 19 0 21 0 0 0 0 0 0 0 20 0 0 0 0 0 0 0 0 0 0 0
0
Received move from 2
2 has 118.1635286808 seconds left
2 put weight 19 on position 3; still balanced
--------------------------------------------------------------------------------------------------------------
Placing Stage, board state: 
 0 0 0 0 0 0 0 20 0 0 0 21 0 0 22 0 0 0 0 0 0 23 0 0 24 0 3 0 25 23 25 0 0 19 24 0 0 22 0 19 0 21 0 0 0 0 0 0 0 20 0 0 0 0 0 0 0 0 0 0 0
0
Received move from 1
1 has 117.98519849777 seconds left
1 put weight 18 on position -14; still balanced
--------------------------------------------------------------------------------------------------------------
Placing Stage, board state: 
 0 0 0 0 0 0 0 20 0 0 0 21 0 0 22 0 18 0 0 0 0 23 0 0 24 0 3 0 25 23 25 0 0 19 24 0 0 22 0 19 0 21 0 0 0 0 0 0 0 20 0 0 0 0 0 0 0 0 0 0 0
0
Received move from 2
2 has 117.78730964661 seconds left
2 put weight 18 on position 25; still balanced
--------------------------------------------------------------------------------------------------------------
Placing Stage, board state: 
 0 0 0 0 0 0 0 20 0 0 0 21 0 0 22 0 18 0 0 0 0 23 0 0 24 0 3 0 25 23 25 0 0 19 24 0 0 22 0 19 0 21 0 0 0 0 0 0 0 20 0 0 0 0 0 18 0 0 0 0 0
0
Received move from 1
1 has 117.81724047661 seconds left
1 put weight 17 on position -21; still balanced
--------------------------------------------------------------------------------------------------------------
Placing Stage, board state: 
 0 0 0 0 0 0 0 20 0 17 0 21 0 0 22 0 18 0 0 0 0 23 0 0 24 0 3 0 25 23 25 0 0 19 24 0 0 22 0 19 0 21 0 0 0 0 0 0 0 20 0 0 0 0 0 18 0 0 0 0 0
0
Received move from 2
2 has 117.41534376144 seconds left
2 put weight 17 on position -18; still balanced
--------------------------------------------------------------------------------------------------------------
Placing Stage, board state: 
 0 0 0 0 0 0 0 20 0 17 0 21 17 0 22 0 18 0 0 0 0 23 0 0 24 0 3 0 25 23 25 0 0 19 24 0 0 22 0 19 0 21 0 0 0 0 0 0 0 20 0 0 0 0 0 18 0 0 0 0 0
0
Received move from 1
1 has 117.53329348564 seconds left
1 put weight 16 on position 28; still balanced
--------------------------------------------------------------------------------------------------------------
Placing Stage, board state: 
 0 0 0 0 0 0 0 20 0 17 0 21 17 0 22 0 18 0 0 0 0 23 0 0 24 0 3 0 25 23 25 0 0 19 24 0 0 22 0 19 0 21 0 0 0 0 0 0 0 20 0 0 0 0 0 18 0 0 16 0 0
0
Received move from 2
2 has 117.18018174171 seconds left
2 put weight 16 on position -24; still balanced
--------------------------------------------------------------------------------------------------------------
Placing Stage, board state: 
 0 0 0 0 0 0 16 20 0 17 0 21 17 0 22 0 18 0 0 0 0 23 0 0 24 0 3 0 25 23 25 0 0 19 24 0 0 22 0 19 0 21 0 0 0 0 0 0 0 20 0 0 0 0 0 18 0 0 16 0 0
0
Received move from 1
1 has 117.26493239403 seconds left
1 put weight 15 on position 15; still balanced
--------------------------------------------------------------------------------------------------------------
Placing Stage, board state: 
 0 0 0 0 0 0 16 20 0 17 0 21 17 0 22 0 18 0 0 0 0 23 0 0 24 0 3 0 25 23 25 0 0 19 24 0 0 22 0 19 0 21 0 0 0 15 0 0 0 20 0 0 0 0 0 18 0 0 16 0 0
0
Received move from 2
2 has 116.95399880409 seconds left
2 put weight 15 on position -30; still balanced
--------------------------------------------------------------------------------------------------------------
Placing Stage, board state: 
 15 0 0 0 0 0 16 20 0 17 0 21 17 0 22 0 18 0 0 0 0 23 0 0 24 0 3 0 25 23 25 0 0 19 24 0 0 22 0 19 0 21 0 0 0 15 0 0 0 20 0 0 0 0 0 18 0 0 16 0 0
0
Received move from 1
1 has 117.0700314045 seconds left
1 put weight 14 on position 14; still balanced
--------------------------------------------------------------------------------------------------------------
Placing Stage, board state: 
 15 0 0 0 0 0 16 20 0 17 0 21 17 0 22 0 18 0 0 0 0 23 0 0 24 0 3 0 25 23 25 0 0 19 24 0 0 22 0 19 0 21 0 0 14 15 0 0 0 20 0 0 0 0 0 18 0 0 16 0 0
0
Received move from 2
2 has 116.75406885147 seconds left
2 put weight 14 on position -20; still balanced
--------------------------------------------------------------------------------------------------------------
Placing Stage, board state: 
 15 0 0 0 0 0 16 20 0 17 14 21 17 0 22 0 18 0 0 0 0 23 0 0 24 0 3 0 25 23 25 0 0 19 24 0 0 22 0 19 0 21 0 0 14 15 0 0 0 20 0 0 0 0 0 18 0 0 16 0 0
0
Received move from 1
1 has 116.91234946251 seconds left
1 put weight 13 on position 26; still balanced
--------------------------------------------------------------------------------------------------------------
Placing Stage, board state: 
 15 0 0 0 0 0 16 20 0 17 14 21 17 0 22 0 18 0 0 0 0 23 0 0 24 0 3 0 25 23 25 0 0 19 24 0 0 22 0 19 0 21 0 0 14 15 0 0 0 20 0 0 0 0 0 18 13 0 16 0 0
0
Received move from 2
2 has 116.59786200523 seconds left
2 put weight 13 on position -13; still balanced
--------------------------------------------------------------------------------------------------------------
Placing Stage, board state: 
 15 0 0 0 0 0 16 20 0 17 14 21 17 0 22 0 18 13 0 0 0 23 0 0 24 0 3 0 25 23 25 0 0 19 24 0 0 22 0 19 0 21 0 0 14 15 0 0 0 20 0 0 0 0 0 18 13 0 16 0 0
0
Received move from 1
1 has 116.77282047272 seconds left
1 put weight 12 on position 17; still balanced
--------------------------------------------------------------------------------------------------------------
Placing Stage, board state: 
 15 0 0 0 0 0 16 20 0 17 14 21 17 0 22 0 18 13 0 0 0 23 0 0 24 0 3 0 25 23 25 0 0 19 24 0 0 22 0 19 0 21 0 0 14 15 0 12 0 20 0 0 0 0 0 18 13 0 16 0 0
0
Received move from 2
2 has 116.47776484489 seconds left
2 put weight 12 on position -28; still balanced
--------------------------------------------------------------------------------------------------------------
Placing Stage, board state: 
 15 0 12 0 0 0 16 20 0 17 14 21 17 0 22 0 18 13 0 0 0 23 0 0 24 0 3 0 25 23 25 0 0 19 24 0 0 22 0 19 0 21 0 0 14 15 0 12 0 20 0 0 0 0 0 18 13 0 16 0 0
0
Received move from 1
1 has 116.66094732285 seconds left
1 put weight 11 on position 8; still balanced
--------------------------------------------------------------------------------------------------------------
Placing Stage, board state: 
 15 0 12 0 0 0 16 20 0 17 14 21 17 0 22 0 18 13 0 0 0 23 0 0 24 0 3 0 25 23 25 0 0 19 24 0 0 22 11 19 0 21 0 0 14 15 0 12 0 20 0 0 0 0 0 18 13 0 16 0 0
0
Received move from 2
2 has 116.38300800323 seconds left
2 put weight 11 on position -25; still balanced
--------------------------------------------------------------------------------------------------------------
Placing Stage, board state: 
 15 0 12 0 0 11 16 20 0 17 14 21 17 0 22 0 18 13 0 0 0 23 0 0 24 0 3 0 25 23 25 0 0 19 24 0 0 22 11 19 0 21 0 0 14 15 0 12 0 20 0 0 0 0 0 18 13 0 16 0 0
0
Received move from 1
1 has 116.57748842239 seconds left
1 put weight 10 on position 21; still balanced
--------------------------------------------------------------------------------------------------------------
Placing Stage, board state: 
 15 0 12 0 0 11 16 20 0 17 14 21 17 0 22 0 18 13 0 0 0 23 0 0 24 0 3 0 25 23 25 0 0 19 24 0 0 22 11 19 0 21 0 0 14 15 0 12 0 20 0 10 0 0 0 18 13 0 16 0 0
0
Received move from 2
2 has 116.31896710396 seconds left
2 put weight 10 on position -12; still balanced
--------------------------------------------------------------------------------------------------------------
Placing Stage, board state: 
 15 0 12 0 0 11 16 20 0 17 14 21 17 0 22 0 18 13 10 0 0 23 0 0 24 0 3 0 25 23 25 0 0 19 24 0 0 22 11 19 0 21 0 0 14 15 0 12 0 20 0 10 0 0 0 18 13 0 16 0 0
0
Received move from 1
1 has 116.5190615654 seconds left
1 put weight 9 on position 18; still balanced
--------------------------------------------------------------------------------------------------------------
Placing Stage, board state: 
 15 0 12 0 0 11 16 20 0 17 14 21 17 0 22 0 18 13 10 0 0 23 0 0 24 0 3 0 25 23 25 0 0 19 24 0 0 22 11 19 0 21 0 0 14 15 0 12 9 20 0 10 0 0 0 18 13 0 16 0 0
0
Received move from 2
2 has 116.26376104355 seconds left
2 put weight 9 on position 5; still balanced
--------------------------------------------------------------------------------------------------------------
Placing Stage, board state: 
 15 0 12 0 0 11 16 20 0 17 14 21 17 0 22 0 18 13 10 0 0 23 0 0 24 0 3 0 25 23 25 0 0 19 24 9 0 22 11 19 0 21 0 0 14 15 0 12 9 20 0 10 0 0 0 18 13 0 16 0 0
0
Received move from 1
1 has 116.47884750366 seconds left
1 put weight 8 on position -15; still balanced
--------------------------------------------------------------------------------------------------------------
Placing Stage, board state: 
 15 0 12 0 0 11 16 20 0 17 14 21 17 0 22 8 18 13 10 0 0 23 0 0 24 0 3 0 25 23 25 0 0 19 24 9 0 22 11 19 0 21 0 0 14 15 0 12 9 20 0 10 0 0 0 18 13 0 16 0 0
0
Received move from 2
2 has 116.22682905197 seconds left
2 put weight 8 on position 23; still balanced
--------------------------------------------------------------------------------------------------------------
Placing Stage, board state: 
 15 0 12 0 0 11 16 20 0 17 14 21 17 0 22 8 18 13 10 0 0 23 0 0 24 0 3 0 25 23 25 0 0 19 24 9 0 22 11 19 0 21 0 0 14 15 0 12 9 20 0 10 0 8 0 18 13 0 16 0 0
0
Received move from 1
1 has 116.44729566574 seconds left
1 put weight 7 on position -10; still balanced
--------------------------------------------------------------------------------------------------------------
Placing Stage, board state: 
 15 0 12 0 0 11 16 20 0 17 14 21 17 0 22 8 18 13 10 0 7 23 0 0 24 0 3 0 25 23 25 0 0 19 24 9 0 22 11 19 0 21 0 0 14 15 0 12 9 20 0 10 0 8 0 18 13 0 16 0 0
0
Received move from 2
2 has 116.20094013214 seconds left
2 put weight 7 on position 12; still balanced
--------------------------------------------------------------------------------------------------------------
Placing Stage, board state: 
 15 0 12 0 0 11 16 20 0 17 14 21 17 0 22 8 18 13 10 0 7 23 0 0 24 0 3 0 25 23 25 0 0 19 24 9 0 22 11 19 0 21 7 0 14 15 0 12 9 20 0 10 0 8 0 18 13 0 16 0 0
0
Received move from 1
1 has 116.43238449097 seconds left
1 put weight 6 on position 29; still balanced
--------------------------------------------------------------------------------------------------------------
Placing Stage, board state: 
 15 0 12 0 0 11 16 20 0 17 14 21 17 0 22 8 18 13 10 0 7 23 0 0 24 0 3 0 25 23 25 0 0 19 24 9 0 22 11 19 0 21 7 0 14 15 0 12 9 20 0 10 0 8 0 18 13 0 16 6 0
0
Received move from 2
2 has 116.18191003799 seconds left
2 put weight 6 on position 10; still balanced
--------------------------------------------------------------------------------------------------------------
Placing Stage, board state: 
 15 0 12 0 0 11 16 20 0 17 14 21 17 0 22 8 18 13 10 0 7 23 0 0 24 0 3 0 25 23 25 0 0 19 24 9 0 22 11 19 6 21 7 0 14 15 0 12 9 20 0 10 0 8 0 18 13 0 16 6 0
0
Received move from 1
1 has 116.41988348961 seconds left
1 put weight 5 on position 1; still balanced
--------------------------------------------------------------------------------------------------------------
Placing Stage, board state: 
 15 0 12 0 0 11 16 20 0 17 14 21 17 0 22 8 18 13 10 0 7 23 0 0 24 0 3 0 25 23 25 5 0 19 24 9 0 22 11 19 6 21 7 0 14 15 0 12 9 20 0 10 0 8 0 18 13 0 16 6 0
0
Received move from 2
2 has 116.17362189293 seconds left
2 put weight 5 on position 30; still balanced
--------------------------------------------------------------------------------------------------------------
Placing Stage, board state: 
 15 0 12 0 0 11 16 20 0 17 14 21 17 0 22 8 18 13 10 0 7 23 0 0 24 0 3 0 25 23 25 5 0 19 24 9 0 22 11 19 6 21 7 0 14 15 0 12 9 20 0 10 0 8 0 18 13 0 16 6 5
0
Received move from 1
1 has 116.41581940651 seconds left
1 put weight 4 on position -5; still balanced
--------------------------------------------------------------------------------------------------------------
Placing Stage, board state: 
 15 0 12 0 0 11 16 20 0 17 14 21 17 0 22 8 18 13 10 0 7 23 0 0 24 4 3 0 25 23 25 5 0 19 24 9 0 22 11 19 6 21 7 0 14 15 0 12 9 20 0 10 0 8 0 18 13 0 16 6 5
0
Received move from 2
2 has 116.1712038517 seconds left
2 put weight 4 on position -8; still balanced
--------------------------------------------------------------------------------------------------------------
Placing Stage, board state: 
 15 0 12 0 0 11 16 20 0 17 14 21 17 0 22 8 18 13 10 0 7 23 4 0 24 4 3 0 25 23 25 5 0 19 24 9 0 22 11 19 6 21 7 0 14 15 0 12 9 20 0 10 0 8 0 18 13 0 16 6 5
0
Received move from 1
1 has 116.41273927689 seconds left
1 put weight 3 on position -3; still balanced
--------------------------------------------------------------------------------------------------------------
Placing Stage, board state: 
 15 0 12 0 0 11 16 20 0 17 14 21 17 0 22 8 18 13 10 0 7 23 4 0 24 4 3 3 25 23 25 5 0 19 24 9 0 22 11 19 6 21 7 0 14 15 0 12 9 20 0 10 0 8 0 18 13 0 16 6 5
0
Received move from 2
2 has 116.16964387894 seconds left
2 put weight 3 on position -11; still balanced
--------------------------------------------------------------------------------------------------------------
Placing Stage, board state: 
 15 0 12 0 0 11 16 20 0 17 14 21 17 0 22 8 18 13 10 3 7 23 4 0 24 4 3 3 25 23 25 5 0 19 24 9 0 22 11 19 6 21 7 0 14 15 0 12 9 20 0 10 0 8 0 18 13 0 16 6 5
0
Received move from 1
1 has 116.41165018082 seconds left
1 put weight 2 on position -7; still balanced
--------------------------------------------------------------------------------------------------------------
Placing Stage, board state: 
 15 0 12 0 0 11 16 20 0 17 14 21 17 0 22 8 18 13 10 3 7 23 4 2 24 4 3 3 25 23 25 5 0 19 24 9 0 22 11 19 6 21 7 0 14 15 0 12 9 20 0 10 0 8 0 18 13 0 16 6 5
0
Received move from 2
2 has 116.16892790794 seconds left
2 put weight 2 on position 24; still balanced
--------------------------------------------------------------------------------------------------------------
Placing Stage, board state: 
 15 0 12 0 0 11 16 20 0 17 14 21 17 0 22 8 18 13 10 3 7 23 4 2 24 4 3 3 25 23 25 5 0 19 24 9 0 22 11 19 6 21 7 0 14 15 0 12 9 20 0 10 0 8 2 18 13 0 16 6 5
0
Received move from 1
1 has 116.41069507599 seconds left
1 put weight 1 on position 20; still balanced
--------------------------------------------------------------------------------------------------------------
Placing Stage, board state: 
 15 0 12 0 0 11 16 20 0 17 14 21 17 0 22 8 18 13 10 3 7 23 4 2 24 4 3 3 25 23 25 5 0 19 24 9 0 22 11 19 6 21 7 0 14 15 0 12 9 20 1 10 0 8 2 18 13 0 16 6 5
0
Received move from 2
2 has 116.16781997681 seconds left
2 put weight 1 on position -26; still balanced
It's the removal stage now.
--------------------------------------------------------------------------------------------------------------
Removing Stage, board state: 
 15 0 12 0 1 11 16 20 0 17 14 21 17 0 22 8 18 13 10 3 7 23 4 2 24 4 3 3 25 23 25 5 0 19 24 9 0 22 11 19 6 21 7 0 14 15 0 12 9 20 1 10 0 8 2 18 13 0 16 6 5
0
Received move from 1
1 has 103.704818964 seconds left
1 removes weight 2 on position -7; still balanced
--------------------------------------------------------------------------------------------------------------
Removing Stage, board state: 
 15 0 12 0 1 11 16 20 0 17 14 21 17 0 22 8 18 13 10 3 7 23 4 0 24 4 3 3 25 23 25 5 0 19 24 9 0 22 11 19 6 21 7 0 14 15 0 12 9 20 1 10 0 8 2 18 13 0 16 6 5
0
Received move from 2
2 has 104.47037792206 seconds left
2 removes weight 1 on position -26; still balanced
--------------------------------------------------------------------------------------------------------------
Removing Stage, board state: 
 15 0 12 0 0 11 16 20 0 17 14 21 17 0 22 8 18 13 10 3 7 23 4 0 24 4 3 3 25 23 25 5 0 19 24 9 0 22 11 19 6 21 7 0 14 15 0 12 9 20 1 10 0 8 2 18 13 0 16 6 5
0
Received move from 1
1 has 93.414160013199 seconds left
1 removes weight 3 on position -4; still balanced
--------------------------------------------------------------------------------------------------------------
Removing Stage, board state: 
 15 0 12 0 0 11 16 20 0 17 14 21 17 0 22 8 18 13 10 3 7 23 4 0 24 4 0 3 25 23 25 5 0 19 24 9 0 22 11 19 6 21 7 0 14 15 0 12 9 20 1 10 0 8 2 18 13 0 16 6 5
0
Received move from 2
2 has 95.558875799179 seconds left
2 removes weight 1 on position 20; still balanced
--------------------------------------------------------------------------------------------------------------
Removing Stage, board state: 
 15 0 12 0 0 11 16 20 0 17 14 21 17 0 22 8 18 13 10 3 7 23 4 0 24 4 0 3 25 23 25 5 0 19 24 9 0 22 11 19 6 21 7 0 14 15 0 12 9 20 0 10 0 8 2 18 13 0 16 6 5
0
Received move from 1
1 has 87.198017120361 seconds left
1 removes weight 3 on position -3; still balanced
--------------------------------------------------------------------------------------------------------------
Removing Stage, board state: 
 15 0 12 0 0 11 16 20 0 17 14 21 17 0 22 8 18 13 10 3 7 23 4 0 24 4 0 0 25 23 25 5 0 19 24 9 0 22 11 19 6 21 7 0 14 15 0 12 9 20 0 10 0 8 2 18 13 0 16 6 5
0
Received move from 2
2 has 88.733165979385 seconds left
2 removes weight 2 on position 24; still balanced
--------------------------------------------------------------------------------------------------------------
Removing Stage, board state: 
 15 0 12 0 0 11 16 20 0 17 14 21 17 0 22 8 18 13 10 3 7 23 4 0 24 4 0 0 25 23 25 5 0 19 24 9 0 22 11 19 6 21 7 0 14 15 0 12 9 20 0 10 0 8 0 18 13 0 16 6 5
0
Received move from 1
1 has 80.62877702713 seconds left
1 removes weight 3 on position -11; still balanced
--------------------------------------------------------------------------------------------------------------
Removing Stage, board state: 
 15 0 12 0 0 11 16 20 0 17 14 21 17 0 22 8 18 13 10 0 7 23 4 0 24 4 0 0 25 23 25 5 0 19 24 9 0 22 11 19 6 21 7 0 14 15 0 12 9 20 0 10 0 8 0 18 13 0 16 6 5
0
Received move from 2
2 has 79.610212087631 seconds left
2 removes weight 4 on position -8; still balanced
--------------------------------------------------------------------------------------------------------------
Removing Stage, board state: 
 15 0 12 0 0 11 16 20 0 17 14 21 17 0 22 8 18 13 10 0 7 23 0 0 24 4 0 0 25 23 25 5 0 19 24 9 0 22 11 19 6 21 7 0 14 15 0 12 9 20 0 10 0 8 0 18 13 0 16 6 5
0
Received move from 1
1 has 69.840826034546 seconds left
1 removes weight 5 on position 1; still balanced
--------------------------------------------------------------------------------------------------------------
Removing Stage, board state: 
 15 0 12 0 0 11 16 20 0 17 14 21 17 0 22 8 18 13 10 0 7 23 0 0 24 4 0 0 25 23 25 0 0 19 24 9 0 22 11 19 6 21 7 0 14 15 0 12 9 20 0 10 0 8 0 18 13 0 16 6 5
0
Received move from 2
2 has 69.887050151825 seconds left
2 removes weight 4 on position -5; still balanced
--------------------------------------------------------------------------------------------------------------
Removing Stage, board state: 
 15 0 12 0 0 11 16 20 0 17 14 21 17 0 22 8 18 13 10 0 7 23 0 0 24 0 0 0 25 23 25 0 0 19 24 9 0 22 11 19 6 21 7 0 14 15 0 12 9 20 0 10 0 8 0 18 13 0 16 6 5
0
Received move from 1
1 has 64.759333848953 seconds left
1 removes weight 6 on position 10; still balanced
--------------------------------------------------------------------------------------------------------------
Removing Stage, board state: 
 15 0 12 0 0 11 16 20 0 17 14 21 17 0 22 8 18 13 10 0 7 23 0 0 24 0 0 0 25 23 25 0 0 19 24 9 0 22 11 19 0 21 7 0 14 15 0 12 9 20 0 10 0 8 0 18 13 0 16 6 5
0
Received move from 2
2 has 65.962424039841 seconds left
2 removes weight 7 on position 12; still balanced
--------------------------------------------------------------------------------------------------------------
Removing Stage, board state: 
 15 0 12 0 0 11 16 20 0 17 14 21 17 0 22 8 18 13 10 0 7 23 0 0 24 0 0 0 25 23 25 0 0 19 24 9 0 22 11 19 0 21 0 0 14 15 0 12 9 20 0 10 0 8 0 18 13 0 16 6 5
0
Received move from 1
1 has 61.422788858414 seconds left
1 removes weight 5 on position 30; still balanced
--------------------------------------------------------------------------------------------------------------
Removing Stage, board state: 
 15 0 12 0 0 11 16 20 0 17 14 21 17 0 22 8 18 13 10 0 7 23 0 0 24 0 0 0 25 23 25 0 0 19 24 9 0 22 11 19 0 21 0 0 14 15 0 12 9 20 0 10 0 8 0 18 13 0 16 6 0
0
Received move from 2
2 has 61.879994869232 seconds left
2 removes weight 6 on position 29; still balanced
--------------------------------------------------------------------------------------------------------------
Removing Stage, board state: 
 15 0 12 0 0 11 16 20 0 17 14 21 17 0 22 8 18 13 10 0 7 23 0 0 24 0 0 0 25 23 25 0 0 19 24 9 0 22 11 19 0 21 0 0 14 15 0 12 9 20 0 10 0 8 0 18 13 0 16 0 0
0
Received move from 1
1 has 58.351907730103 seconds left
1 removes weight 8 on position 23; still balanced
--------------------------------------------------------------------------------------------------------------
Removing Stage, board state: 
 15 0 12 0 0 11 16 20 0 17 14 21 17 0 22 8 18 13 10 0 7 23 0 0 24 0 0 0 25 23 25 0 0 19 24 9 0 22 11 19 0 21 0 0 14 15 0 12 9 20 0 10 0 0 0 18 13 0 16 0 0
0
Received move from 2
2 has 57.191883802414 seconds left
2 removes weight 9 on position 5; still balanced
--------------------------------------------------------------------------------------------------------------
Removing Stage, board state: 
 15 0 12 0 0 11 16 20 0 17 14 21 17 0 22 8 18 13 10 0 7 23 0 0 24 0 0 0 25 23 25 0 0 19 24 0 0 22 11 19 0 21 0 0 14 15 0 12 9 20 0 10 0 0 0 18 13 0 16 0 0
0
Received move from 1
1 has 53.577196836472 seconds left
1 removes weight 9 on position 18; still balanced
--------------------------------------------------------------------------------------------------------------
Removing Stage, board state: 
 15 0 12 0 0 11 16 20 0 17 14 21 17 0 22 8 18 13 10 0 7 23 0 0 24 0 0 0 25 23 25 0 0 19 24 0 0 22 11 19 0 21 0 0 14 15 0 12 0 20 0 10 0 0 0 18 13 0 16 0 0
0
Received move from 2
2 has 54.071025848389 seconds left
2 removes weight 8 on position -15; still balanced
--------------------------------------------------------------------------------------------------------------
Removing Stage, board state: 
 15 0 12 0 0 11 16 20 0 17 14 21 17 0 22 0 18 13 10 0 7 23 0 0 24 0 0 0 25 23 25 0 0 19 24 0 0 22 11 19 0 21 0 0 14 15 0 12 0 20 0 10 0 0 0 18 13 0 16 0 0
0
Received move from 1
1 has 51.171057701111 seconds left
1 removes weight 7 on position -10; still balanced
--------------------------------------------------------------------------------------------------------------
Removing Stage, board state: 
 15 0 12 0 0 11 16 20 0 17 14 21 17 0 22 0 18 13 10 0 0 23 0 0 24 0 0 0 25 23 25 0 0 19 24 0 0 22 11 19 0 21 0 0 14 15 0 12 0 20 0 10 0 0 0 18 13 0 16 0 0
0
Received move from 2
2 has 52.757663726807 seconds left
2 removes weight 11 on position -25; still balanced
--------------------------------------------------------------------------------------------------------------
Removing Stage, board state: 
 15 0 12 0 0 0 16 20 0 17 14 21 17 0 22 0 18 13 10 0 0 23 0 0 24 0 0 0 25 23 25 0 0 19 24 0 0 22 11 19 0 21 0 0 14 15 0 12 0 20 0 10 0 0 0 18 13 0 16 0 0
0
Received move from 1
1 has 48.968386650085 seconds left
1 removes weight 10 on position -12; still balanced
--------------------------------------------------------------------------------------------------------------
Removing Stage, board state: 
 15 0 12 0 0 0 16 20 0 17 14 21 17 0 22 0 18 13 0 0 0 23 0 0 24 0 0 0 25 23 25 0 0 19 24 0 0 22 11 19 0 21 0 0 14 15 0 12 0 20 0 10 0 0 0 18 13 0 16 0 0
0
Received move from 2
2 has 51.821370840073 seconds left
2 removes weight 10 on position 21; still balanced
--------------------------------------------------------------------------------------------------------------
Removing Stage, board state: 
 15 0 12 0 0 0 16 20 0 17 14 21 17 0 22 0 18 13 0 0 0 23 0 0 24 0 0 0 25 23 25 0 0 19 24 0 0 22 11 19 0 21 0 0 14 15 0 12 0 20 0 0 0 0 0 18 13 0 16 0 0
0
Received move from 1
1 has 47.664580821991 seconds left
1 removes weight 11 on position 8; still balanced
--------------------------------------------------------------------------------------------------------------
Removing Stage, board state: 
 15 0 12 0 0 0 16 20 0 17 14 21 17 0 22 0 18 13 0 0 0 23 0 0 24 0 0 0 25 23 25 0 0 19 24 0 0 22 0 19 0 21 0 0 14 15 0 12 0 20 0 0 0 0 0 18 13 0 16 0 0
0
Received move from 2
2 has 51.248916864395 seconds left
Tipping by 2
. 1 wins 
