detected addition 28 25
searched 0 25
sending 0 25
detected addition 24 24
searched 4 24
sending 4 24
detected addition 21 23
searched -1 23
sending -1 23
detected addition 37 22
searched -16 22
sending -16 22
detected addition 41 21
searched -19 21
sending -19 21
detected addition 49 20
searched -23 20
sending -23 20
detected addition 39 19
searched 3 19
sending 3 19
detected addition 16 18
searched 25 18
sending 25 18
detected addition 9 17
searched -18 17
sending -18 17
detected addition 58 16
searched -24 16
sending -24 16
detected addition 45 15
searched -30 15
sending -30 15
detected addition 44 14
searched -20 14
sending -20 14
detected addition 56 13
searched -13 13
sending -13 13
detected addition 47 12
searched -28 12
sending -28 12
detected addition 38 11
searched -25 11
sending -25 11
detected addition 51 10
searched -12 10
sending -12 10
detected addition 48 9
searched 5 9
sending 5 9
detected addition 15 8
searched 23 8
sending 23 8
detected addition 20 7
searched 12 7
sending 12 7
detected addition 59 6
searched 10 6
sending 10 6
detected addition 31 5
searched 30 5
sending 30 5
detected addition 25 4
searched -8 4
sending -8 4
detected addition 27 3
searched -11 3
sending -11 3
detected addition 23 2
searched 24 2
sending 24 2
detected addition 50 1
searched -26 1
sending -26 1
detected removal 23 
searched -26 -1
sending -26
detected removal 26 
searched 20 -1
sending 20
detected removal 27 
searched 24 -1
sending 24
detected removal 19 
searched -8 -1
sending -8
detected removal 31 
searched -5 -1
sending -5
detected removal 40 
searched 12 -1
sending 12
detected removal 60 
searched 29 -1
sending 29
detected removal 53 
searched 5 -1
sending 5
detected removal 48 	
searched -15 -1
sending -15
detected removal 20 
searched -25 -1
sending -25
detected removal 18 
searched 21 -1
sending 21
detected removal 38 
searched 26 -1
sending 26
Game Over!
